<?xml version="1.0" encoding="UTF-8"?>
<!-- Generated by org.testng.reporters.JUnitReportReporter -->
<testsuite skipped="0" hostname="jajit-z01" name="files.Dynamicjson" tests="3" failures="0" timestamp="2020-04-13T01:31:44 IST" time="3.103" errors="0">
  <testcase name="addBook" time="0.177" classname="files.Dynamicjson"/>
  <testcase name="addBook" time="2.735" classname="files.Dynamicjson"/>
  <testcase name="addBook" time="0.191" classname="files.Dynamicjson"/>
</testsuite> <!-- files.Dynamicjson -->
