<?xml version="1.0" encoding="UTF-8"?>
<!-- Generated by org.testng.reporters.JUnitReportReporter -->
<testsuite skipped="0" hostname="jajit-z01" name="files.Staticjson" tests="1" failures="0" timestamp="2020-04-13T21:24:32 IST" time="2.869" errors="0">
  <testcase name="addBook" time="2.869" classname="files.Staticjson"/>
</testsuite> <!-- files.Staticjson -->
