<?xml version="1.0" encoding="UTF-8"?>
<!-- Generated by org.testng.reporters.JUnitReportReporter -->
<testsuite skipped="0" hostname="jajit-z01" name="api.Sumvalidation" tests="1" failures="0" timestamp="2020-04-12T23:56:48 IST" time="1.088" errors="0">
  <testcase name="sumcourses" time="1.088" classname="api.Sumvalidation"/>
</testsuite> <!-- api.Sumvalidation -->
